<?xml version="1.0" encoding="UTF-8"?>
<testsuite xmlns:xsi="http://www.w3.org/2001/XMLSchema-instance" xsi:noNamespaceSchemaLocation="https://maven.apache.org/surefire/maven-surefire-plugin/xsd/surefire-test-report.xsd" name="labsim.AppTest" time="30.318" tests="8" errors="0" skipped="0" failures="0">
  <properties>
    <property name="java.specification.version" value="17"/>
    <property name="sun.jnu.encoding" value="UTF-8"/>
    <property name="java.class.path" value="/home/franco/Archivos/UNSL/Tercer año/Modelos y Simulacion/AirportSimulator/target/test-classes:/home/franco/Archivos/UNSL/Tercer año/Modelos y Simulacion/AirportSimulator/target/classes:/home/franco/.m2/repository/junit/junit/4.11/junit-4.11.jar:/home/franco/.m2/repository/org/hamcrest/hamcrest-core/1.3/hamcrest-core-1.3.jar:/home/franco/.m2/repository/org/jfree/jfreechart/1.5.3/jfreechart-1.5.3.jar:"/>
    <property name="java.vm.vendor" value="Red Hat, Inc."/>
    <property name="sun.arch.data.model" value="64"/>
    <property name="java.vendor.url" value="https://www.redhat.com/"/>
    <property name="os.name" value="Linux"/>
    <property name="java.vm.specification.version" value="17"/>
    <property name="sun.java.launcher" value="SUN_STANDARD"/>
    <property name="user.country" value="AR"/>
    <property name="sun.boot.library.path" value="/usr/lib/jvm/java-17-openjdk-17.0.10.0.7-3.fc40.x86_64/lib"/>
    <property name="sun.java.command" value="/home/franco/Archivos/UNSL/Tercer año/Modelos y Simulacion/AirportSimulator/target/surefire/surefirebooter14651738979693050035.jar /home/franco/Archivos/UNSL/Tercer año/Modelos y Simulacion/AirportSimulator/target/surefire 2024-04-29T14-27-51_624-jvmRun1 surefire16575429906463434571tmp surefire_09109497018187099135tmp"/>
    <property name="jdk.debug" value="release"/>
    <property name="surefire.test.class.path" value="/home/franco/Archivos/UNSL/Tercer año/Modelos y Simulacion/AirportSimulator/target/test-classes:/home/franco/Archivos/UNSL/Tercer año/Modelos y Simulacion/AirportSimulator/target/classes:/home/franco/.m2/repository/junit/junit/4.11/junit-4.11.jar:/home/franco/.m2/repository/org/hamcrest/hamcrest-core/1.3/hamcrest-core-1.3.jar:/home/franco/.m2/repository/org/jfree/jfreechart/1.5.3/jfreechart-1.5.3.jar:"/>
    <property name="sun.cpu.endian" value="little"/>
    <property name="user.home" value="/home/franco"/>
    <property name="user.language" value="es"/>
    <property name="java.specification.vendor" value="Oracle Corporation"/>
    <property name="java.version.date" value="2024-01-16"/>
    <property name="java.home" value="/usr/lib/jvm/java-17-openjdk-17.0.10.0.7-3.fc40.x86_64"/>
    <property name="file.separator" value="/"/>
    <property name="basedir" value="/home/franco/Archivos/UNSL/Tercer año/Modelos y Simulacion/AirportSimulator"/>
    <property name="java.vm.compressedOopsMode" value="32-bit"/>
    <property name="line.separator" value="&#10;"/>
    <property name="java.vm.specification.vendor" value="Oracle Corporation"/>
    <property name="java.specification.name" value="Java Platform API Specification"/>
    <property name="surefire.real.class.path" value="/home/franco/Archivos/UNSL/Tercer año/Modelos y Simulacion/AirportSimulator/target/surefire/surefirebooter14651738979693050035.jar"/>
    <property name="sun.management.compiler" value="HotSpot 64-Bit Tiered Compilers"/>
    <property name="java.runtime.version" value="17.0.10+7"/>
    <property name="user.name" value="franco"/>
    <property name="path.separator" value=":"/>
    <property name="os.version" value="6.8.7-300.fc40.x86_64"/>
    <property name="java.runtime.name" value="OpenJDK Runtime Environment"/>
    <property name="file.encoding" value="UTF-8"/>
    <property name="java.vm.name" value="OpenJDK 64-Bit Server VM"/>
    <property name="java.vendor.version" value="(Red_Hat-17.0.10.0.7-3)"/>
    <property name="localRepository" value="/home/franco/.m2/repository"/>
    <property name="java.vendor.url.bug" value="https://bugzilla.redhat.com/enter_bug.cgi?product=Fedora&amp;component=java-17-openjdk&amp;version=38"/>
    <property name="java.io.tmpdir" value="/tmp"/>
    <property name="java.version" value="17.0.10"/>
    <property name="user.dir" value="/home/franco/Archivos/UNSL/Tercer año/Modelos y Simulacion/AirportSimulator"/>
    <property name="os.arch" value="amd64"/>
    <property name="java.vm.specification.name" value="Java Virtual Machine Specification"/>
    <property name="native.encoding" value="UTF-8"/>
    <property name="java.library.path" value="/usr/java/packages/lib:/usr/lib64:/lib64:/lib:/usr/lib"/>
    <property name="java.vm.info" value="mixed mode, sharing"/>
    <property name="java.vendor" value="Red Hat, Inc."/>
    <property name="java.vm.version" value="17.0.10+7"/>
    <property name="sun.io.unicode.encoding" value="UnicodeLittle"/>
    <property name="java.class.version" value="61.0"/>
  </properties>
  <testcase name="testDistribucionNormal" classname="labsim.AppTest" time="5.218"/>
  <testcase name="shouldAnswerWithTrue" classname="labsim.AppTest" time="0"/>
  <testcase name="testFel" classname="labsim.AppTest" time="0.001"/>
  <testcase name="tetsDistribucionEmpiricaDiscreta" classname="labsim.AppTest" time="5.019"/>
  <testcase name="testDistribucionUniforme" classname="labsim.AppTest" time="5.01"/>
  <testcase name="testDistribucionExponencial" classname="labsim.AppTest" time="5.011"/>
  <testcase name="testDistribucionTriangular" classname="labsim.AppTest" time="5.022"/>
  <testcase name="testDistribucionPoisson" classname="labsim.AppTest" time="5.013"/>
</testsuite>