<?xml version="1.0" encoding="UTF-8"?>
<testsuite xmlns:xsi="http://www.w3.org/2001/XMLSchema-instance" xsi:noNamespaceSchemaLocation="https://maven.apache.org/surefire/maven-surefire-plugin/xsd/surefire-test-report.xsd" name="labsim.AppTest" time="5.212" tests="1" errors="0" skipped="0" failures="0">
  <properties>
    <property name="awt.toolkit" value="sun.awt.X11.XToolkit"/>
    <property name="java.specification.version" value="11"/>
    <property name="sun.cpu.isalist" value=""/>
    <property name="sun.jnu.encoding" value="UTF-8"/>
    <property name="java.class.path" value="/home/franco/HDD/UNSL/Tercer año/Modelos y Simulacion/AirportSimulator/target/test-classes:/home/franco/HDD/UNSL/Tercer año/Modelos y Simulacion/AirportSimulator/target/classes:/home/franco/.m2/repository/junit/junit/4.11/junit-4.11.jar:/home/franco/.m2/repository/org/hamcrest/hamcrest-core/1.3/hamcrest-core-1.3.jar:/home/franco/.m2/repository/org/jfree/jfreechart/1.5.3/jfreechart-1.5.3.jar:"/>
    <property name="java.vm.vendor" value="Flathub"/>
    <property name="sun.arch.data.model" value="64"/>
    <property name="java.vendor.url" value="https://flathub.org"/>
    <property name="user.timezone" value=""/>
    <property name="java.vm.specification.version" value="11"/>
    <property name="os.name" value="Linux"/>
    <property name="user.country" value="AR"/>
    <property name="sun.java.launcher" value="SUN_STANDARD"/>
    <property name="sun.boot.library.path" value="/app/jdk/lib"/>
    <property name="sun.java.command" value="/home/franco/HDD/UNSL/Tercer año/Modelos y Simulacion/AirportSimulator/target/surefire/surefirebooter5248015166907146766.jar /home/franco/HDD/UNSL/Tercer año/Modelos y Simulacion/AirportSimulator/target/surefire 2024-05-10T23-06-22_612-jvmRun1 surefire3410967622368286964tmp surefire_01229060569960384853tmp"/>
    <property name="jdk.debug" value="release"/>
    <property name="test" value="labsim.AppTest#testDistribucionNormal"/>
    <property name="surefire.test.class.path" value="/home/franco/HDD/UNSL/Tercer año/Modelos y Simulacion/AirportSimulator/target/test-classes:/home/franco/HDD/UNSL/Tercer año/Modelos y Simulacion/AirportSimulator/target/classes:/home/franco/.m2/repository/junit/junit/4.11/junit-4.11.jar:/home/franco/.m2/repository/org/hamcrest/hamcrest-core/1.3/hamcrest-core-1.3.jar:/home/franco/.m2/repository/org/jfree/jfreechart/1.5.3/jfreechart-1.5.3.jar:"/>
    <property name="sun.cpu.endian" value="little"/>
    <property name="user.home" value="/home/franco"/>
    <property name="user.language" value="es"/>
    <property name="java.specification.vendor" value="Oracle Corporation"/>
    <property name="java.version.date" value="2023-10-17"/>
    <property name="java.home" value="/app/jdk"/>
    <property name="file.separator" value="/"/>
    <property name="basedir" value="/home/franco/HDD/UNSL/Tercer año/Modelos y Simulacion/AirportSimulator"/>
    <property name="java.vm.compressedOopsMode" value="Zero based"/>
    <property name="line.separator" value="&#10;"/>
    <property name="java.specification.name" value="Java Platform API Specification"/>
    <property name="java.vm.specification.vendor" value="Oracle Corporation"/>
    <property name="java.awt.graphicsenv" value="sun.awt.X11GraphicsEnvironment"/>
    <property name="surefire.real.class.path" value="/home/franco/HDD/UNSL/Tercer año/Modelos y Simulacion/AirportSimulator/target/surefire/surefirebooter5248015166907146766.jar"/>
    <property name="sun.management.compiler" value="HotSpot 64-Bit Tiered Compilers"/>
    <property name="java.runtime.version" value="11.0.21+1"/>
    <property name="user.name" value="franco"/>
    <property name="path.separator" value=":"/>
    <property name="os.version" value="6.8.9-300.fc40.x86_64"/>
    <property name="java.runtime.name" value="OpenJDK Runtime Environment"/>
    <property name="file.encoding" value="UTF-8"/>
    <property name="java.vm.name" value="OpenJDK 64-Bit Server VM"/>
    <property name="java.vendor.version" value="18.9"/>
    <property name="maven.ext.class.path" value="/app/netbeans/java/maven-nblib/netbeans-eventspy.jar"/>
    <property name="localRepository" value="/home/franco/.m2/repository"/>
    <property name="java.vendor.url.bug" value="https://bugreport.java.com/bugreport/"/>
    <property name="java.io.tmpdir" value="/tmp"/>
    <property name="java.version" value="11.0.21"/>
    <property name="user.dir" value="/home/franco/HDD/UNSL/Tercer año/Modelos y Simulacion/AirportSimulator"/>
    <property name="os.arch" value="amd64"/>
    <property name="java.vm.specification.name" value="Java Virtual Machine Specification"/>
    <property name="java.awt.printerjob" value="sun.print.PSPrinterJob"/>
    <property name="sun.os.patch.level" value="unknown"/>
    <property name="java.library.path" value=":/usr/java/packages/lib:/usr/lib64:/lib64:/lib:/usr/lib"/>
    <property name="java.vm.info" value="mixed mode"/>
    <property name="java.vendor" value="Flathub"/>
    <property name="java.vm.version" value="11.0.21+1"/>
    <property name="java.specification.maintenance.version" value="2"/>
    <property name="sun.io.unicode.encoding" value="UnicodeLittle"/>
    <property name="java.class.version" value="55.0"/>
  </properties>
  <testcase name="testDistribucionNormal" classname="labsim.AppTest" time="5.196"/>
</testsuite>